# JRE version: OpenJDK Runtime Environment (8.0_292-b10) (build 1.8.0_292-8u292-b10-0ubuntu1~20.04-b10)
# Java VM: OpenJDK 64-Bit Server VM (25.292-b10 mixed mode linux-amd64 compressed oops)
Heap:
 PSYoungGen      total 642560K, used 622203K [0x00000000d5580000, 0x00000000fff80000, 0x0000000100000000)
  eden space 588288K, 100% used [0x00000000d5580000,0x00000000f9400000,0x00000000f9400000)
  from space 54272K, 62% used [0x00000000f9400000,0x00000000fb51efe8,0x00000000fc900000)
  to   space 53760K, 47% used [0x00000000fcb00000,0x00000000fe3bcfd8,0x00000000fff80000)
 ParOldGen       total 274432K, used 66872K [0x0000000080000000, 0x0000000090c00000, 0x00000000d5580000)
  object space 274432K, 24% used [0x0000000080000000,0x000000008414e338,0x0000000090c00000)
 Metaspace       used 125613K, capacity 135404K, committed 135628K, reserved 1167360K
  class space    used 16154K, capacity 17855K, committed 17920K, reserved 1048576K
GC Heap History (10 events):
Event: 5262,310 GC heap after
Heap after GC invocations=29 (full 4):
 PSYoungGen      total 602112K, used 38062K [0x00000000d5580000, 0x00000000feb00000, 0x0000000100000000)
  eden space 563712K, 0% used [0x00000000d5580000,0x00000000d5580000,0x00000000f7c00000)
  from space 38400K, 99% used [0x00000000f9100000,0x00000000fb62bb08,0x00000000fb680000)
  to   space 53760K, 0% used [0x00000000fb680000,0x00000000fb680000,0x00000000feb00000)
 ParOldGen       total 274432K, used 66776K [0x0000000080000000, 0x0000000090c00000, 0x00000000d5580000)
  object space 274432K, 24% used [0x0000000080000000,0x0000000084136328,0x0000000090c00000)
 Metaspace       used 116977K, capacity 124408K, committed 124620K, reserved 1157120K
  class space    used 15070K, capacity 16329K, committed 16384K, reserved 1048576K
}
Event: 5270,891 GC heap before
{Heap before GC invocations=30 (full 4):
 PSYoungGen      total 602112K, used 601774K [0x00000000d5580000, 0x00000000feb00000, 0x0000000100000000)
  eden space 563712K, 100% used [0x00000000d5580000,0x00000000f7c00000,0x00000000f7c00000)
  from space 38400K, 99% used [0x00000000f9100000,0x00000000fb62bb08,0x00000000fb680000)
  to   space 53760K, 0% used [0x00000000fb680000,0x00000000fb680000,0x00000000feb00000)
 ParOldGen       total 274432K, used 66776K [0x0000000080000000, 0x0000000090c00000, 0x00000000d5580000)
  object space 274432K, 24% used [0x0000000080000000,0x0000000084136328,0x0000000090c00000)
 Metaspace       used 118997K, capacity 126482K, committed 126668K, reserved 1159168K
  class space    used 15260K, capacity 16539K, committed 16640K, reserved 1048576K
Event: 5270,989 GC heap after
Heap after GC invocations=30 (full 4):
 PSYoungGen      total 573440K, used 29908K [0x00000000d5580000, 0x00000000fd400000, 0x0000000100000000)
  eden space 543232K, 0% used [0x00000000d5580000,0x00000000d5580000,0x00000000f6800000)
  from space 30208K, 99% used [0x00000000fb680000,0x00000000fd3b51f8,0x00000000fd400000)
  to   space 54784K, 0% used [0x00000000f6900000,0x00000000f6900000,0x00000000f9e80000)
 ParOldGen       total 274432K, used 66784K [0x0000000080000000, 0x0000000090c00000, 0x00000000d5580000)
  object space 274432K, 24% used [0x0000000080000000,0x0000000084138328,0x0000000090c00000)
 Metaspace       used 118997K, capacity 126482K, committed 126668K, reserved 1159168K
  class space    used 15260K, capacity 16539K, committed 16640K, reserved 1048576K
}
Event: 5272,114 GC heap before
{Heap before GC invocations=31 (full 4):
 PSYoungGen      total 573440K, used 573140K [0x00000000d5580000, 0x00000000fd400000, 0x0000000100000000)
  eden space 543232K, 100% used [0x00000000d5580000,0x00000000f6800000,0x00000000f6800000)
  from space 30208K, 99% used [0x00000000fb680000,0x00000000fd3b51f8,0x00000000fd400000)
  to   space 54784K, 0% used [0x00000000f6900000,0x00000000f6900000,0x00000000f9e80000)
 ParOldGen       total 274432K, used 66784K [0x0000000080000000, 0x0000000090c00000, 0x00000000d5580000)
  object space 274432K, 24% used [0x0000000080000000,0x0000000084138328,0x0000000090c00000)
 Metaspace       used 119544K, capacity 126996K, committed 127180K, reserved 1159168K
  class space    used 15314K, capacity 16604K, committed 16640K, reserved 1048576K
Event: 5272,175 GC heap after
Heap after GC invocations=31 (full 4):
 PSYoungGen      total 599040K, used 38982K [0x00000000d5580000, 0x0000000100000000, 0x0000000100000000)
  eden space 544256K, 0% used [0x00000000d5580000,0x00000000d5580000,0x00000000f6900000)
  from space 54784K, 71% used [0x00000000f6900000,0x00000000f8f11ab0,0x00000000f9e80000)
  to   space 55808K, 0% used [0x00000000fc980000,0x00000000fc980000,0x0000000100000000)
 ParOldGen       total 274432K, used 66792K [0x0000000080000000, 0x0000000090c00000, 0x00000000d5580000)
  object space 274432K, 24% used [0x0000000080000000,0x000000008413a328,0x0000000090c00000)
 Metaspace       used 119544K, capacity 126996K, committed 127180K, reserved 1159168K
  class space    used 15314K, capacity 16604K, committed 16640K, reserved 1048576K
}
Event: 5467,367 GC heap before
{Heap before GC invocations=32 (full 4):
 PSYoungGen      total 599040K, used 583238K [0x00000000d5580000, 0x0000000100000000, 0x0000000100000000)
  eden space 544256K, 100% used [0x00000000d5580000,0x00000000f6900000,0x00000000f6900000)
  from space 54784K, 71% used [0x00000000f6900000,0x00000000f8f11ab0,0x00000000f9e80000)
  to   space 55808K, 0% used [0x00000000fc980000,0x00000000fc980000,0x0000000100000000)
 ParOldGen       total 274432K, used 66792K [0x0000000080000000, 0x0000000090c00000, 0x00000000d5580000)
  object space 274432K, 24% used [0x0000000080000000,0x000000008413a328,0x0000000090c00000)
 Metaspace       used 123923K, capacity 132776K, committed 132940K, reserved 1165312K
  class space    used 15966K, capacity 17527K, committed 17536K, reserved 1048576K
Event: 5467,403 GC heap after
Heap after GC invocations=32 (full 4):
 PSYoungGen      total 642048K, used 32319K [0x00000000d5580000, 0x00000000ffe00000, 0x0000000100000000)
  eden space 588288K, 0% used [0x00000000d5580000,0x00000000d5580000,0x00000000f9400000)
  from space 53760K, 60% used [0x00000000fc980000,0x00000000fe90fce8,0x00000000ffe00000)
  to   space 54272K, 0% used [0x00000000f9400000,0x00000000f9400000,0x00000000fc900000)
 ParOldGen       total 274432K, used 66864K [0x0000000080000000, 0x0000000090c00000, 0x00000000d5580000)
  object space 274432K, 24% used [0x0000000080000000,0x000000008414c338,0x0000000090c00000)
 Metaspace       used 123923K, capacity 132776K, committed 132940K, reserved 1165312K
  class space    used 15966K, capacity 17527K, committed 17536K, reserved 1048576K
}
Event: 5690,167 GC heap before
{Heap before GC invocations=33 (full 4):
 PSYoungGen      total 642048K, used 620607K [0x00000000d5580000, 0x00000000ffe00000, 0x0000000100000000)
  eden space 588288K, 100% used [0x00000000d5580000,0x00000000f9400000,0x00000000f9400000)
  from space 53760K, 60% used [0x00000000fc980000,0x00000000fe90fce8,0x00000000ffe00000)
  to   space 54272K, 0% used [0x00000000f9400000,0x00000000f9400000,0x00000000fc900000)
 ParOldGen       total 274432K, used 66864K [0x0000000080000000, 0x0000000090c00000, 0x00000000d5580000)
  object space 274432K, 24% used [0x0000000080000000,0x000000008414c338,0x0000000090c00000)
 Metaspace       used 125289K, capacity 135200K, committed 135372K, reserved 1167360K
  class space    used 16152K, capacity 17853K, committed 17920K, reserved 1048576K
Event: 5690,205 GC heap after
Heap after GC invocations=33 (full 4):
 PSYoungGen      total 642560K, used 33915K [0x00000000d5580000, 0x00000000fff80000, 0x0000000100000000)
  eden space 588288K, 0% used [0x00000000d5580000,0x00000000d5580000,0x00000000f9400000)
  from space 54272K, 62% used [0x00000000f9400000,0x00000000fb51efe8,0x00000000fc900000)
  to   space 53760K, 0% used [0x00000000fcb00000,0x00000000fcb00000,0x00000000fff80000)
 ParOldGen       total 274432K, used 66872K [0x0000000080000000, 0x0000000090c00000, 0x00000000d5580000)
  object space 274432K, 24% used [0x0000000080000000,0x000000008414e338,0x0000000090c00000)
 Metaspace       used 125289K, capacity 135200K, committed 135372K, reserved 1167360K
  class space    used 16152K, capacity 17853K, committed 17920K, reserved 1048576K
}
Event: 5894,343 GC heap before
{Heap before GC invocations=34 (full 4):
 PSYoungGen      total 642560K, used 622203K [0x00000000d5580000, 0x00000000fff80000, 0x0000000100000000)
  eden space 588288K, 100% used [0x00000000d5580000,0x00000000f9400000,0x00000000f9400000)
  from space 54272K, 62% used [0x00000000f9400000,0x00000000fb51efe8,0x00000000fc900000)
  to   space 53760K, 0% used [0x00000000fcb00000,0x00000000fcb00000,0x00000000fff80000)
 ParOldGen       total 274432K, used 66872K [0x0000000080000000, 0x0000000090c00000, 0x00000000d5580000)
  object space 274432K, 24% used [0x0000000080000000,0x000000008414e338,0x0000000090c00000)
 Metaspace       used 125613K, capacity 135404K, committed 135628K, reserved 1167360K
  class space    used 16154K, capacity 17855K, committed 17920K, reserved 1048576K

